16:29:56.494 INFO - Selenium build info: version: '3.3.1', revision: '5234b32'
16:29:56.494 INFO - Launching a standalone Selenium Server
2017-03-14 16:29:56.510:INFO::main: Logging initialized @242ms to org.seleniumhq.jetty9.util.log.StdErrLog
16:29:56.560 INFO - Driver class not found: com.opera.core.systems.OperaDriver
16:29:56.560 INFO - Driver provider com.opera.core.systems.OperaDriver registration is skipped:
Unable to create new instances on this machine.
16:29:56.560 INFO - Driver class not found: com.opera.core.systems.OperaDriver
16:29:56.561 INFO - Driver provider com.opera.core.systems.OperaDriver is not registered
16:29:56.566 INFO - Driver provider org.openqa.selenium.safari.SafariDriver registration is skipped:
 registration capabilities Capabilities [{browserName=safari, version=, platform=MAC}] does not match the current platform VISTA
2017-03-14 16:29:56.620:INFO:osjs.Server:main: jetty-9.2.20.v20161216
2017-03-14 16:29:56.648:INFO:osjsh.ContextHandler:main: Started o.s.j.s.ServletContextHandler@39c0f4a{/,null,AVAILABLE}
2017-03-14 16:29:56.731:INFO:osjs.AbstractConnector:main: Started ServerConnector@10bdf5e5{HTTP/1.1,[http/1.1]}{0.0.0.0:4444}
2017-03-14 16:29:56.731:INFO:osjs.Server:main: Started @463ms
16:29:56.731 INFO - Selenium Server is up and running
16:29:57.102 INFO - SessionCleaner initialized with insideBrowserTimeout 0 and clientGoneTimeout 1800000 polling every 180000
16:29:57.126 INFO - Executing: [new session: Capabilities [{acceptSslCerts=true, name=Test, browserName=chrome, javascriptEnabled=true, platform=ANY}]])
16:29:57.133 INFO - Creating a new session for Capabilities [{acceptSslCerts=true, name=Test, browserName=chrome, javascriptEnabled=true, platform=ANY}]
Starting ChromeDriver 2.28.455520 (cc17746adff54984afff480136733114c6b3704b) on port 36020
Only local connections are allowed.
16:29:59.770 INFO - Detected dialect: OSS
16:29:59.785 INFO - Done: [new session: Capabilities [{acceptSslCerts=true, name=Test, browserName=chrome, javascriptEnabled=true, platform=ANY}]]
16:29:59.809 INFO - Executing: [get: http://localhost:8080])
16:30:01.609 INFO - Done: [get: http://localhost:8080]
16:30:01.618 INFO - Executing: [find elements: By.cssSelector: #app])
16:30:01.653 INFO - Done: [find elements: By.cssSelector: #app]
16:30:01.658 INFO - Executing: [is displayed: 0 [[ChromeDriver: chrome on XP (65352985c76d41a24878060a8b31339d)] -> css selector: #app]])
16:30:01.679 INFO - Done: [is displayed: 0 [[ChromeDriver: chrome on XP (65352985c76d41a24878060a8b31339d)] -> css selector: #app]]
16:30:01.685 INFO - Executing: [find elements: By.cssSelector: .hello])
16:30:01.703 INFO - Done: [find elements: By.cssSelector: .hello]
16:30:01.709 INFO - Executing: [find element: By.cssSelector: h1])
16:30:01.728 INFO - Done: [find element: By.cssSelector: h1]
16:30:01.731 INFO - Executing: [get text: 2 [[ChromeDriver: chrome on XP (65352985c76d41a24878060a8b31339d)] -> css selector: h1]])
16:30:01.752 INFO - Done: [get text: 2 [[ChromeDriver: chrome on XP (65352985c76d41a24878060a8b31339d)] -> css selector: h1]]
16:30:01.759 INFO - Executing: [execute script: var passedArgs = Array.prototype.slice.call(arguments,0); return function (selector) {
      return document.querySelectorAll(selector).length;
    }.apply(window, passedArgs);, [img]])
16:30:01.764 INFO - Done: [execute script: var passedArgs = Array.prototype.slice.call(arguments,0); return function (selector) {
      return document.querySelectorAll(selector).length;
    }.apply(window, passedArgs);, [img]]
16:30:01.769 INFO - Executing: [delete session: 9d0cb284-9a3f-4612-b3e7-e799e9999430])
16:30:02.573 INFO - Done: [delete session: 9d0cb284-9a3f-4612-b3e7-e799e9999430]
